\BOOKMARK [0][-]{chapter.1}{Wizyjne sledzenie obiekt\363w}{}% 1
\BOOKMARK [1][-]{section.1.1}{Wprowadzenie}{chapter.1}% 2
\BOOKMARK [1][-]{section.1.2}{Og\363lny model algorytm\363w sledzenia obiekt\363w na obrazach}{chapter.1}% 3
\BOOKMARK [2][-]{subsection.1.2.1}{Reprezentacje obiektu na obrazie}{section.1.2}% 4
\BOOKMARK [2][-]{subsection.1.2.2}{Modele obiektu zainteresowania}{section.1.2}% 5
\BOOKMARK [2][-]{subsection.1.2.3}{Modele ruchu obiektu}{section.1.2}% 6
\BOOKMARK [2][-]{subsection.1.2.4}{Metody pomiaru podobienstwa oraz stwierdzenia dopasowania obiektu pomiedzy klatkami}{section.1.2}% 7
\BOOKMARK [2][-]{subsection.1.2.5}{Metody uaktualnienia modelu obiektu zainteresowania}{section.1.2}% 8
\BOOKMARK [0][-]{chapter.2}{Zagadnienia powiazane z wizyjnym sledzeniem obiekt\363w}{}% 9
\BOOKMARK [1][-]{section.2.1}{Ekstrakcja i deskrypcja cech obrazu}{chapter.2}% 10
\BOOKMARK [2][-]{subsection.2.1.1}{Punkty charakterystyczne}{section.2.1}% 11
\BOOKMARK [2][-]{subsection.2.1.2}{Krawedzie}{section.2.1}% 12
\BOOKMARK [2][-]{subsection.2.1.3}{Proste i krzywe matematyczne}{section.2.1}% 13
\BOOKMARK [1][-]{section.2.2}{Analiza ruchu}{chapter.2}% 14
\BOOKMARK [2][-]{subsection.2.2.1}{Ruch w sekwencji obraz\363w}{section.2.2}% 15
\BOOKMARK [2][-]{subsection.2.2.2}{Przep\233yw optyczny}{section.2.2}% 16
\BOOKMARK [0][-]{chapter.3}{Algorytmy sledzenia obiekt\363w w robotyce mobilnej}{}% 17
\BOOKMARK [1][-]{section.3.1}{Algorytm Lucasa-Kanade}{chapter.3}% 18
\BOOKMARK [2][-]{subsection.3.1.1}{Klasyczny algorytm Lucasa-Kanade}{section.3.1}% 19
\BOOKMARK [2][-]{subsection.3.1.2}{Algorytm Kanade-Lucasa-Tomasi}{section.3.1}% 20
\BOOKMARK [2][-]{subsection.3.1.3}{Piramidowa wersja algorytmu Lucasa-Kanade}{section.3.1}% 21
\BOOKMARK [1][-]{section.3.2}{Algorytm Mean Shift}{chapter.3}% 22
\BOOKMARK [2][-]{subsection.3.2.1}{Algorytm Mean Shift w sledzeniu obiekt\363w}{section.3.2}% 23
\BOOKMARK [2][-]{subsection.3.2.2}{Algorytm CAMSHIFT}{section.3.2}% 24
\BOOKMARK [1][-]{section.3.3}{Filtr Kalmana}{chapter.3}% 25
\BOOKMARK [2][-]{subsection.3.3.1}{Klasyczny filtr Kalmana}{section.3.3}% 26
\BOOKMARK [2][-]{subsection.3.3.2}{Rozszerzony filtr Kalmana}{section.3.3}% 27
\BOOKMARK [2][-]{subsection.3.3.3}{Filtr Kalmana w sledzeniu wizyjnym}{section.3.3}% 28
\BOOKMARK [0][-]{chapter.4}{Przeglad istniejacych rozwiazan}{}% 29
\BOOKMARK [1][-]{section.4.1}{Modu\233 sterowania kamera pan-tilt dla pojazdu UAV}{chapter.4}% 30
\BOOKMARK [1][-]{section.4.2}{Hybrydowy algorytm sledzenia i podazania za ludzmi dla robota kroczacego}{chapter.4}% 31
\BOOKMARK [1][-]{section.4.3}{Algorytm wykrywania, sledzenia i podazania za obiektami na obrazie z kamery sferycznej dla robota mobilnego}{chapter.4}% 32
\BOOKMARK [1][-]{section.4.4}{System wizyjnego sledzenia obiekt\363w w czasie rzeczywistym do zastosowania w wizyjnym serwosterowaniu robota mobilnego}{chapter.4}% 33
\BOOKMARK [1][-]{section.4.5}{System sledzenia obiekt\363w z wykorzystaniem kamery pan-tilt zamontowanej na robocie mobilnym}{chapter.4}% 34
\BOOKMARK [1][-]{section.4.6}{Podsumowanie}{chapter.4}% 35
